# JRE version: OpenJDK Runtime Environment (8.0_152-b01) (build 1.8.0_152-release-1248-b01)
# Java VM: OpenJDK 64-Bit Server VM (25.152-b01 mixed mode linux-amd64 compressed oops)
Heap:
 PSYoungGen      total 326656K, used 5315K [0x00000000e0000000, 0x00000000f6e00000, 0x0000000100000000)
  eden space 278528K, 0% used [0x00000000e0000000,0x00000000e0000000,0x00000000f1000000)
  from space 48128K, 11% used [0x00000000f1000000,0x00000000f1530d88,0x00000000f3f00000)
  to   space 41472K, 0% used [0x00000000f4580000,0x00000000f4580000,0x00000000f6e00000)
 ParOldGen       total 186368K, used 113938K [0x00000000a0000000, 0x00000000ab600000, 0x00000000e0000000)
  object space 186368K, 61% used [0x00000000a0000000,0x00000000a6f44a78,0x00000000ab600000)
 Metaspace       used 72157K, capacity 74490K, committed 74544K, reserved 1114112K
  class space    used 9413K, capacity 9991K, committed 10032K, reserved 1048576K
GC Heap History (10 events):
Event: 100.510 GC heap after
Heap after GC invocations=18 (full 3):
 PSYoungGen      total 202240K, used 20174K [0x00000000e0000000, 0x00000000f0e00000, 0x0000000100000000)
  eden space 181248K, 0% used [0x00000000e0000000,0x00000000e0000000,0x00000000eb100000)
  from space 20992K, 96% used [0x00000000eb100000,0x00000000ec4b3a70,0x00000000ec580000)
  to   space 23552K, 0% used [0x00000000ef700000,0x00000000ef700000,0x00000000f0e00000)
 ParOldGen       total 97792K, used 34599K [0x00000000a0000000, 0x00000000a5f80000, 0x00000000e0000000)
  object space 97792K, 35% used [0x00000000a0000000,0x00000000a21c9d70,0x00000000a5f80000)
 Metaspace       used 66943K, capacity 68962K, committed 69296K, reserved 1110016K
  class space    used 9022K, capacity 9531K, committed 9648K, reserved 1048576K
}
Event: 138.375 GC heap before
{Heap before GC invocations=19 (full 3):
 PSYoungGen      total 202240K, used 201422K [0x00000000e0000000, 0x00000000f0e00000, 0x0000000100000000)
  eden space 181248K, 100% used [0x00000000e0000000,0x00000000eb100000,0x00000000eb100000)
  from space 20992K, 96% used [0x00000000eb100000,0x00000000ec4b3a70,0x00000000ec580000)
  to   space 23552K, 0% used [0x00000000ef700000,0x00000000ef700000,0x00000000f0e00000)
 ParOldGen       total 97792K, used 34599K [0x00000000a0000000, 0x00000000a5f80000, 0x00000000e0000000)
  object space 97792K, 35% used [0x00000000a0000000,0x00000000a21c9d70,0x00000000a5f80000)
 Metaspace       used 69046K, capacity 71122K, committed 71216K, reserved 1110016K
  class space    used 9205K, capacity 9707K, committed 9776K, reserved 1048576K
Event: 139.131 GC heap after
Heap after GC invocations=19 (full 3):
 PSYoungGen      total 246784K, used 23524K [0x00000000e0000000, 0x00000000f1e80000, 0x0000000100000000)
  eden space 223232K, 0% used [0x00000000e0000000,0x00000000e0000000,0x00000000eda00000)
  from space 23552K, 99% used [0x00000000ef700000,0x00000000f0df90a0,0x00000000f0e00000)
  to   space 29696K, 0% used [0x00000000eda00000,0x00000000eda00000,0x00000000ef700000)
 ParOldGen       total 97792K, used 41432K [0x00000000a0000000, 0x00000000a5f80000, 0x00000000e0000000)
  object space 97792K, 42% used [0x00000000a0000000,0x00000000a2876260,0x00000000a5f80000)
 Metaspace       used 69046K, capacity 71122K, committed 71216K, reserved 1110016K
  class space    used 9205K, capacity 9707K, committed 9776K, reserved 1048576K
}
Event: 157.150 GC heap before
{Heap before GC invocations=20 (full 3):
 PSYoungGen      total 246784K, used 246756K [0x00000000e0000000, 0x00000000f1e80000, 0x0000000100000000)
  eden space 223232K, 100% used [0x00000000e0000000,0x00000000eda00000,0x00000000eda00000)
  from space 23552K, 99% used [0x00000000ef700000,0x00000000f0df90a0,0x00000000f0e00000)
  to   space 29696K, 0% used [0x00000000eda00000,0x00000000eda00000,0x00000000ef700000)
 ParOldGen       total 97792K, used 41432K [0x00000000a0000000, 0x00000000a5f80000, 0x00000000e0000000)
  object space 97792K, 42% used [0x00000000a0000000,0x00000000a2876260,0x00000000a5f80000)
 Metaspace       used 70851K, capacity 72920K, committed 73008K, reserved 1112064K
  class space    used 9256K, capacity 9772K, committed 9776K, reserved 1048576K
Event: 158.561 GC heap after
Heap after GC invocations=20 (full 3):
 PSYoungGen      total 252928K, used 29673K [0x00000000e0000000, 0x00000000f7680000, 0x0000000100000000)
  eden space 223232K, 0% used [0x00000000e0000000,0x00000000e0000000,0x00000000eda00000)
  from space 29696K, 99% used [0x00000000eda00000,0x00000000ef6fa468,0x00000000ef700000)
  to   space 50176K, 0% used [0x00000000f4580000,0x00000000f4580000,0x00000000f7680000)
 ParOldGen       total 97792K, used 83431K [0x00000000a0000000, 0x00000000a5f80000, 0x00000000e0000000)
  object space 97792K, 85% used [0x00000000a0000000,0x00000000a5179e98,0x00000000a5f80000)
 Metaspace       used 70851K, capacity 72920K, committed 73008K, reserved 1112064K
  class space    used 9256K, capacity 9772K, committed 9776K, reserved 1048576K
}
Event: 158.609 GC heap before
{Heap before GC invocations=21 (full 4):
 PSYoungGen      total 252928K, used 29673K [0x00000000e0000000, 0x00000000f7680000, 0x0000000100000000)
  eden space 223232K, 0% used [0x00000000e0000000,0x00000000e0000000,0x00000000eda00000)
  from space 29696K, 99% used [0x00000000eda00000,0x00000000ef6fa468,0x00000000ef700000)
  to   space 50176K, 0% used [0x00000000f4580000,0x00000000f4580000,0x00000000f7680000)
 ParOldGen       total 97792K, used 83431K [0x00000000a0000000, 0x00000000a5f80000, 0x00000000e0000000)
  object space 97792K, 85% used [0x00000000a0000000,0x00000000a5179e98,0x00000000a5f80000)
 Metaspace       used 70851K, capacity 72920K, committed 73008K, reserved 1112064K
  class space    used 9256K, capacity 9772K, committed 9776K, reserved 1048576K
Event: 159.962 GC heap after
Heap after GC invocations=21 (full 4):
 PSYoungGen      total 252928K, used 10633K [0x00000000e0000000, 0x00000000f7680000, 0x0000000100000000)
  eden space 223232K, 0% used [0x00000000e0000000,0x00000000e0000000,0x00000000eda00000)
  from space 29696K, 35% used [0x00000000eda00000,0x00000000ee462550,0x00000000ef700000)
  to   space 50176K, 0% used [0x00000000f4580000,0x00000000f4580000,0x00000000f7680000)
 ParOldGen       total 186368K, used 97484K [0x00000000a0000000, 0x00000000ab600000, 0x00000000e0000000)
  object space 186368K, 52% used [0x00000000a0000000,0x00000000a5f33390,0x00000000ab600000)
 Metaspace       used 70851K, capacity 72920K, committed 73008K, reserved 1112064K
  class space    used 9256K, capacity 9772K, committed 9776K, reserved 1048576K
}
Event: 168.029 GC heap before
{Heap before GC invocations=22 (full 4):
 PSYoungGen      total 252928K, used 233865K [0x00000000e0000000, 0x00000000f7680000, 0x0000000100000000)
  eden space 223232K, 100% used [0x00000000e0000000,0x00000000eda00000,0x00000000eda00000)
  from space 29696K, 35% used [0x00000000eda00000,0x00000000ee462550,0x00000000ef700000)
  to   space 50176K, 0% used [0x00000000f4580000,0x00000000f4580000,0x00000000f7680000)
 ParOldGen       total 186368K, used 97484K [0x00000000a0000000, 0x00000000ab600000, 0x00000000e0000000)
  object space 186368K, 52% used [0x00000000a0000000,0x00000000a5f33390,0x00000000ab600000)
 Metaspace       used 71007K, capacity 73054K, committed 73264K, reserved 1112064K
  class space    used 9259K, capacity 9773K, committed 9776K, reserved 1048576K
Event: 168.106 GC heap after
Heap after GC invocations=22 (full 4):
 PSYoungGen      total 320000K, used 10696K [0x00000000e0000000, 0x00000000f6e00000, 0x0000000100000000)
  eden space 278528K, 0% used [0x00000000e0000000,0x00000000e0000000,0x00000000f1000000)
  from space 41472K, 25% used [0x00000000f4580000,0x00000000f4ff22e8,0x00000000f6e00000)
  to   space 48128K, 0% used [0x00000000f1000000,0x00000000f1000000,0x00000000f3f00000)
 ParOldGen       total 186368K, used 104465K [0x00000000a0000000, 0x00000000ab600000, 0x00000000e0000000)
  object space 186368K, 56% used [0x00000000a0000000,0x00000000a6604608,0x00000000ab600000)
 Metaspace       used 71007K, capacity 73054K, committed 73264K, reserved 1112064K
  class space    used 9259K, capacity 9773K, committed 9776K, reserved 1048576K
}
Event: 187.993 GC heap before
{Heap before GC invocations=23 (full 4):
 PSYoungGen      total 320000K, used 288763K [0x00000000e0000000, 0x00000000f6e00000, 0x0000000100000000)
  eden space 278528K, 99% used [0x00000000e0000000,0x00000000f0f8cb08,0x00000000f1000000)
  from space 41472K, 25% used [0x00000000f4580000,0x00000000f4ff22e8,0x00000000f6e00000)
  to   space 48128K, 0% used [0x00000000f1000000,0x00000000f1000000,0x00000000f3f00000)
 ParOldGen       total 186368K, used 104465K [0x00000000a0000000, 0x00000000ab600000, 0x00000000e0000000)
  object space 186368K, 56% used [0x00000000a0000000,0x00000000a6604608,0x00000000ab600000)
 Metaspace       used 72157K, capacity 74490K, committed 74544K, reserved 1114112K
  class space    used 9413K, capacity 9991K, committed 10032K, reserved 1048576K

